<?xml version="1.0" encoding="UTF-8"?>
<!-- Generated by org.testng.reporters.JUnitReportReporter -->
<testsuite skipped="0" hostname="ZeroCool" name="Vc.CRMTest" tests="2" failures="0" timestamp="2022-04-16T05:01:29 CDT" time="18.991" errors="0">
  <testcase name="loginTest" time="8.636" classname="Vc.CRMTest"/>
  <system-out/>
  <testcase name="addContact" time="10.355" classname="Vc.CRMTest"/>
  <system-out/>
</testsuite> <!-- Vc.CRMTest -->
